  PhysicsSystem.cpp
C:\Users\night\OneDrive\code\C++_Project\8503 Release  2021\CSC8503\CSC8503Common\CollisionDetection.h(44,1): warning C4293: “<<”: Shift 计数为负或过大，其行为未定义
C:\Users\night\OneDrive\code\C++_Project\8503 Release  2021\CSC8503\CSC8503Common\CollisionDetection.h(45,1): warning C4293: “<<”: Shift 计数为负或过大，其行为未定义
C:\Users\night\OneDrive\code\C++_Project\8503 Release  2021\Common\Keyboard.h(1,1): warning C4819: 该文件包含不能在当前代码页(936)中表示的字符。请将该文件保存为 Unicode 格式以防止数据丢失
C:\Users\night\OneDrive\code\C++_Project\8503 Release  2021\CSC8503\CSC8503Common\QuadTree.h(59,26): warning C4018: “>”: 有符号/无符号不匹配
C:\Users\night\OneDrive\code\C++_Project\8503 Release  2021\CSC8503\CSC8503Common\QuadTree.h(46): message : 在编译 类 模板 成员函数“void NCL::CSC8503::QuadTreeNode<T>::Insert(T &,const NCL::Maths::Vector3 &,const NCL::Maths::Vector3 &,int,int)”时
          with
          [
              T=NCL::CSC8503::GameObject *
          ]
C:\Users\night\OneDrive\code\C++_Project\8503 Release  2021\CSC8503\CSC8503Common\QuadTree.h(125): message : 查看对正在编译的函数 模板 实例化“void NCL::CSC8503::QuadTreeNode<T>::Insert(T &,const NCL::Maths::Vector3 &,const NCL::Maths::Vector3 &,int,int)”的引用
          with
          [
              T=NCL::CSC8503::GameObject *
          ]
C:\Users\night\OneDrive\code\C++_Project\8503 Release  2021\CSC8503\CSC8503Common\QuadTree.h(132): message : 查看对正在编译的 类 模板 实例化“NCL::CSC8503::QuadTreeNode<T>”的引用
          with
          [
              T=NCL::CSC8503::GameObject *
          ]
C:\Users\night\OneDrive\code\C++_Project\8503 Release  2021\CSC8503\CSC8503Common\PhysicsSystem.cpp(284): message : 查看对正在编译的 类 模板 实例化“NCL::CSC8503::QuadTree<NCL::CSC8503::GameObject *>”的引用
  CSC8503Common.vcxproj -> C:\Users\night\OneDrive\code\C++_Project\8503 Release  2021\Win32\Debug\CSC8503Common.lib
